14:26:57: Creating resource group General
14:26:57: Creating resource group Internal
14:26:57: Creating resource group Autodetect
14:26:57: Registering ResourceManager for type Mesh
14:26:57: Registering ResourceManager for type Material
14:26:57: Registering ResourceManager for type Skeleton
14:26:57: XMLMeshSerializer reading mesh data from c:\OgreCommandLineTools\media\models\Arena.mesh.xml...
14:26:57: Reading submeshes...
14:26:57: Reading geometry...
14:26:57: Geometry done...
14:26:57: Reading geometry...
14:26:57: Geometry done...
14:26:57: Reading geometry...
14:26:57: Geometry done...
14:26:57: Reading geometry...
14:26:57: Geometry done...
14:26:57: Reading geometry...
14:26:57: Geometry done...
14:26:57: Submeshes done.
14:26:57: XMLMeshSerializer import successful.
14:26:57: Reorganising vertex buffers to automatic layout..
14:26:57: MeshSerializer writing mesh data to c:\OgreCommandLineTools\media\models\Arena.mesh...
14:26:57: File header written.
14:26:57: Writing mesh data...
14:26:57: Writing submesh...
14:26:57: Exporting submesh texture aliases...
14:26:57: Submesh texture aliases exported.
14:26:57: Submesh exported.
14:26:57: Writing submesh...
14:26:57: Exporting submesh texture aliases...
14:26:57: Submesh texture aliases exported.
14:26:57: Submesh exported.
14:26:57: Writing submesh...
14:26:57: Exporting submesh texture aliases...
14:26:57: Submesh texture aliases exported.
14:26:57: Submesh exported.
14:26:57: Writing submesh...
14:26:57: Exporting submesh texture aliases...
14:26:57: Submesh texture aliases exported.
14:26:57: Submesh exported.
14:26:57: Writing submesh...
14:26:57: Exporting submesh texture aliases...
14:26:57: Submesh texture aliases exported.
14:26:57: Submesh exported.
14:26:57: Exporting bounds information....
14:26:57: Bounds information exported.
14:26:57: Exporting submesh name table...
14:26:57: Submesh name table exported.
14:26:57: Exporting edge lists...
14:26:57: Edge lists exported
14:26:57: Mesh data exported.
14:26:57: MeshSerializer export successful.
14:26:57: Unregistering ResourceManager for type Skeleton
14:26:57: Unregistering ResourceManager for type Material
14:26:57: Unregistering ResourceManager for type Mesh
